<?xml version="1.0" encoding="UTF-8"?>
<!-- Generated by org.testng.reporters.JUnitReportReporter -->
<testsuite hostname="IP-MTY-ERIKAH" failures="0" tests="1" name="com.exercises.Ejercicio7" time="3.766" errors="0" timestamp="24 Aug 2022 22:27:30 GMT" skipped="0">
  <testcase classname="com.exercises.Ejercicio7" name="TC01" time="3.766"/>
</testsuite> <!-- com.exercises.Ejercicio7 -->
