<?xml version="1.0" encoding="UTF-8"?>
<!-- Generated by org.testng.reporters.JUnitReportReporter -->
<testsuite hostname="IP-MTY-ERIKAH" failures="0" tests="1" name="com.ejerciciosClase.MainTests" time="3.482" errors="0" timestamp="26 Jul 2022 20:38:59 GMT" skipped="0">
  <testcase classname="com.ejerciciosClase.MainTests" name="f" time="3.482"/>
</testsuite> <!-- com.ejerciciosClase.MainTests -->
