<?xml version="1.0" encoding="UTF-8"?>
<!-- Generated by org.testng.reporters.JUnitReportReporter -->
<testsuite hostname="IP-MTY-ERIKAH" failures="0" tests="2" name="com.finalProject.ProyectoFinal" time="21.453" errors="0" timestamp="25 Aug 2022 15:23:47 GMT" skipped="0">
  <testcase classname="com.finalProject.ProyectoFinal" name="TC001" time="13.734"/>
  <testcase classname="com.finalProject.ProyectoFinal" name="TC002" time="7.719"/>
</testsuite> <!-- com.finalProject.ProyectoFinal -->
