<?xml version="1.0" encoding="UTF-8"?>
<!-- Generated by org.testng.reporters.JUnitReportReporter -->
<testsuite hostname="IP-MTY-ERIKAH" failures="0" tests="1" name="com.java.TestCase001" time="11.927" errors="0" timestamp="22 Jul 2022 20:31:09 GMT" skipped="0">
  <testcase classname="com.java.TestCase001" name="f" time="11.927"/>
</testsuite> <!-- com.java.TestCase001 -->
