<?xml version="1.0" encoding="UTF-8"?>
<!-- Generated by org.testng.reporters.JUnitReportReporter -->
<testsuite hostname="IP-MTY-ERIKAH" failures="0" tests="1" name="com.exercises.Ejercicio6" time="5.145" errors="0" timestamp="16 Aug 2022 16:53:06 GMT" skipped="0">
  <testcase classname="com.exercises.Ejercicio6" name="f" time="5.145"/>
</testsuite> <!-- com.exercises.Ejercicio6 -->
